<?xml version="1.0" encoding="UTF-8"?>
<testng-results ignored="0" total="1" passed="1" failed="0" skipped="0">
  <reporter-output>
  </reporter-output>
  <suite started-at="2021-03-08T21:24:58 AEDT" name="Default suite" finished-at="2021-03-08T21:25:22 AEDT" duration-ms="24434">
    <groups>
    </groups>
    <test started-at="2021-03-08T21:24:58 AEDT" name="Default test" finished-at="2021-03-08T21:25:22 AEDT" duration-ms="24434">
      <class name="TestCaseExecution.FacebookTest_DataDriven">
        <test-method is-config="true" signature="SetExtent()[pri:0, instance:TestCaseExecution.FacebookTest_DataDriven@223aa2f7]" started-at="2021-03-08T21:24:58 AEDT" name="SetExtent" finished-at="2021-03-08T21:24:58 AEDT" duration-ms="357" status="PASS">
          <reporter-output>
          </reporter-output>
        </test-method> <!-- SetExtent -->
        <test-method is-config="true" signature="HomePageNavigation()[pri:0, instance:TestCaseExecution.FacebookTest_DataDriven@223aa2f7]" started-at="2021-03-08T21:24:59 AEDT" name="HomePageNavigation" finished-at="2021-03-08T21:25:08 AEDT" duration-ms="8663" status="PASS">
          <reporter-output>
          </reporter-output>
        </test-method> <!-- HomePageNavigation -->
        <test-method signature="LoginPageOne(java.lang.String, java.lang.String)[pri:0, instance:TestCaseExecution.FacebookTest_DataDriven@223aa2f7]" started-at="2021-03-08T21:25:08 AEDT" name="LoginPageOne" data-provider="getLoginData" finished-at="2021-03-08T21:25:21 AEDT" duration-ms="13167" status="PASS">
          <params>
            <param index="0">
              <value>
                <![CDATA[chatterjeeamit42@gmail.com]]>
              </value>
            </param>
            <param index="1">
              <value>
                <![CDATA[Testing123456$]]>
              </value>
            </param>
          </params>
          <reporter-output>
          </reporter-output>
        </test-method> <!-- LoginPageOne -->
        <test-method is-config="true" signature="tearDown(org.testng.ITestResult)[pri:0, instance:TestCaseExecution.FacebookTest_DataDriven@223aa2f7]" started-at="2021-03-08T21:25:21 AEDT" name="tearDown" finished-at="2021-03-08T21:25:21 AEDT" duration-ms="434" status="PASS">
          <params>
            <param index="0">
              <value>
                <![CDATA[[TestResult name=LoginPageOne status=SUCCESS method=FacebookTest_DataDriven.LoginPageOne(java.lang.String, java.lang.String)[pri:0, instance:TestCaseExecution.FacebookTest_DataDriven@223aa2f7] output={null}]]]>
              </value>
            </param>
          </params>
          <reporter-output>
          </reporter-output>
        </test-method> <!-- tearDown -->
        <test-method is-config="true" signature="endReport()[pri:0, instance:TestCaseExecution.FacebookTest_DataDriven@223aa2f7]" started-at="2021-03-08T21:25:21 AEDT" name="endReport" finished-at="2021-03-08T21:25:22 AEDT" duration-ms="623" status="PASS">
          <reporter-output>
          </reporter-output>
        </test-method> <!-- endReport -->
      </class> <!-- TestCaseExecution.FacebookTest_DataDriven -->
    </test> <!-- Default test -->
  </suite> <!-- Default suite -->
</testng-results>
